<?xml version="1.0" encoding="UTF-8"?>
<testng-results skipped="0" failed="0" ignored="0" total="2" passed="2">
  <reporter-output>
  </reporter-output>
  <suite name="Default suite" duration-ms="50" started-at="2019-06-23T21:11:13Z" finished-at="2019-06-23T21:11:13Z">
    <groups>
    </groups>
    <test name="Default test" duration-ms="50" started-at="2019-06-23T21:11:13Z" finished-at="2019-06-23T21:11:13Z">
      <class name="qaclickacademy.AppiumTest">
        <test-method status="PASS" signature="MobileBrowser()[pri:0, instance:qaclickacademy.AppiumTest@26be92ad]" name="MobileBrowser" duration-ms="14" started-at="2019-06-23T21:11:13Z" finished-at="2019-06-23T21:11:13Z">
          <reporter-output>
          </reporter-output>
        </test-method> <!-- MobileBrowser -->
        <test-method status="PASS" signature="MobileUI()[pri:0, instance:qaclickacademy.AppiumTest@26be92ad]" name="MobileUI" duration-ms="4" started-at="2019-06-23T21:11:13Z" finished-at="2019-06-23T21:11:13Z">
          <reporter-output>
          </reporter-output>
        </test-method> <!-- MobileUI -->
      </class> <!-- qaclickacademy.AppiumTest -->
    </test> <!-- Default test -->
  </suite> <!-- Default suite -->
</testng-results>
